Arguments: 
  /home/daduam/.nvm/versions/node/v12.18.3/bin/node /usr/share/yarn/bin/yarn.js install

PATH: 
  /home/daduam/.rbenv/shims:/home/daduam/.rbenv/bin:/home/daduam/.nvm/versions/node/v12.18.3/bin:/home/daduam/.local/bin:/usr/local/sbin:/usr/local/bin:/usr/sbin:/usr/bin:/sbin:/bin:/usr/games:/usr/local/games:/home/daduam/.config/composer/vendor/bin:~/.composer/vendor/bin:/snap/bin

Yarn version: 
  1.22.5

Node version: 
  12.18.3

Platform: 
  linux x64

Trace: 
  SyntaxError: /home/daduam/.cache/yarn/v6/npm-shebang-regex-1.0.0-da42f49740c0b42db2ca9728571cb190c98efea3-integrity/node_modules/shebang-regex/.yarn-metadata.json: Unexpected end of JSON input
      at JSON.parse (<anonymous>)
      at /usr/share/yarn/lib/cli.js:1625:59
      at Generator.next (<anonymous>)
      at step (/usr/share/yarn/lib/cli.js:310:30)
      at /usr/share/yarn/lib/cli.js:321:13

npm manifest: 
  {
    "main": "node_modules/expo/AppEntry.js",
    "scripts": {
      "start": "expo start",
      "android": "expo start --android",
      "ios": "expo start --ios",
      "web": "expo start --web",
      "eject": "expo eject"
    },
    "dependencies": {
      "expo": "~38.0.8",
      "expo-status-bar": "^1.0.2",
      "react": "~16.11.0",
      "react-dom": "~16.11.0",
      "react-native": "https://github.com/expo/react-native/archive/sdk-38.0.2.tar.gz",
      "react-native-web": "~0.11.7"
    },
    "devDependencies": {
      "@babel/core": "^7.8.6",
      "babel-preset-expo": "~8.1.0"
    },
    "private": true
  }

yarn manifest: 
  No manifest

Lockfile: 
  No lockfile
